<?xml version="1.0" encoding="utf-8" standalone="yes"?><Layout layout="test" modulePackage="com.example.fika_project" filePath="app\src\main\res\layout\test.xml" directory="layout" isMerge="false" isBindingData="false" rootNodeType="androidx.constraintlayout.widget.ConstraintLayout"><Targets><Target tag="layout/test_0" view="androidx.constraintlayout.widget.ConstraintLayout"><Expressions/><location startLine="1" startOffset="0" endLine="181" endOffset="51"/></Target><Target id="@+id/course_detail_drama_back_btn" view="ImageView"><Expressions/><location startLine="8" startOffset="4" endLine="16" endOffset="40"/></Target><Target id="@+id/linearLayout2" view="LinearLayout"><Expressions/><location startLine="18" startOffset="4" endLine="41" endOffset="18"/></Target><Target id="@+id/imageView14" view="ImageView"><Expressions/><location startLine="43" startOffset="4" endLine="51" endOffset="40"/></Target><Target id="@+id/constraintLayout" view="androidx.constraintlayout.widget.ConstraintLayout"><Expressions/><location startLine="53" startOffset="4" endLine="112" endOffset="55"/></Target><Target id="@+id/course_detail_iv_by_drama" view="ImageView"><Expressions/><location startLine="66" startOffset="8" endLine="73" endOffset="52"/></Target><Target id="@+id/course_detail_locage_tiltle_by_drama" view="TextView"><Expressions/><location startLine="75" startOffset="8" endLine="85" endOffset="55"/></Target><Target id="@+id/imageView16" view="ImageView"><Expressions/><location startLine="87" startOffset="8" endLine="93" endOffset="43"/></Target><Target id="@+id/detail_course_hash_tv_by_drama" view="TextView"><Expressions/><location startLine="95" startOffset="8" endLine="101" endOffset="94"/></Target><Target id="@+id/textView30" view="TextView"><Expressions/><location startLine="103" startOffset="8" endLine="110" endOffset="86"/></Target><Target id="@+id/textView31" view="TextView"><Expressions/><location startLine="114" startOffset="4" endLine="122" endOffset="69"/></Target><Target id="@+id/dwdwedddsa" view="TextView"><Expressions/><location startLine="124" startOffset="4" endLine="131" endOffset="60"/></Target><Target id="@+id/imageView17" view="ImageView"><Expressions/><location startLine="133" startOffset="4" endLine="140" endOffset="47"/></Target><Target id="@+id/textView33" view="TextView"><Expressions/><location startLine="142" startOffset="4" endLine="151" endOffset="63"/></Target><Target id="@+id/detail_course_location_recyclerview" view="androidx.recyclerview.widget.RecyclerView"><Expressions/><location startLine="153" startOffset="4" endLine="160" endOffset="63"/></Target><Target id="@+id/textView27" view="TextView"><Expressions/><location startLine="162" startOffset="4" endLine="171" endOffset="88"/></Target><Target id="@+id/detail_course_together_recyclerview" view="androidx.recyclerview.widget.RecyclerView"><Expressions/><location startLine="173" startOffset="4" endLine="180" endOffset="63"/></Target></Targets></Layout>