<?xml version="1.0" encoding="utf-8" standalone="yes"?><Layout layout="test" modulePackage="com.fika.fika_project" filePath="app\src\main\res\layout\test.xml" directory="layout" isMerge="false" isBindingData="false" rootNodeType="androidx.constraintlayout.widget.ConstraintLayout" rootNodeViewId="@+id/slide_layout"><Targets><Target id="@+id/slide_layout" tag="layout/test_0" view="androidx.constraintlayout.widget.ConstraintLayout"><Expressions/><location startLine="0" startOffset="0" endLine="48" endOffset="51"/></Target><Target id="@+id/mycourse_indicator_bar" view="FrameLayout"><Expressions/><location startLine="9" startOffset="4" endLine="23" endOffset="17"/></Target><Target id="@+id/mycourse_view_list_container" view="FrameLayout"><Expressions/><location startLine="25" startOffset="4" endLine="32" endOffset="75"/></Target><Target id="@+id/mycourse_view_add_location" view="TextView"><Expressions/><location startLine="35" startOffset="4" endLine="46" endOffset="55"/></Target></Targets></Layout>