<?xml version="1.0" encoding="utf-8" standalone="yes"?><Layout layout="test" modulePackage="com.fika.fika_project" filePath="app\src\main\res\layout\test.xml" directory="layout" isMerge="false" isBindingData="false" rootNodeType="androidx.constraintlayout.widget.ConstraintLayout" rootNodeViewId="@+id/slide_layout"><Targets><Target id="@+id/slide_layout" tag="layout/test_0" view="androidx.constraintlayout.widget.ConstraintLayout"><Expressions/><location startLine="0" startOffset="0" endLine="10" endOffset="51"/></Target></Targets></Layout>